-------------------------------------------------------------------------------
Test set: es.iespuertodelacruz.procesadores.ArquitecturaControladorTest
-------------------------------------------------------------------------------
Tests run: 1, Failures: 0, Errors: 1, Skipped: 0, Time elapsed: 0.361 s <<< FAILURE! - in es.iespuertodelacruz.procesadores.ArquitecturaControladorTest
buscarArquitecturaTest  Time elapsed: 0.352 s  <<< ERROR!
es.iespuertodelacruz.procesadores.excepcion.PersistenciaException: Se ha producido un error en la inicializacion de la BBDD
	at es.iespuertodelacruz.procesadores.ArquitecturaControladorTest.setUp(ArquitecturaControladorTest.java:23)
Caused by: es.iespuertodelacruz.procesadores.excepcion.PersistenciaException: No se ha podido establecer la coneccion con la BBDD
	at es.iespuertodelacruz.procesadores.ArquitecturaControladorTest.setUp(ArquitecturaControladorTest.java:23)
Caused by: com.mysql.cj.jdbc.exceptions.CommunicationsException: 
Communications link failure

The last packet sent successfully to the server was 0 milliseconds ago. The driver has not received any packets from the server.
	at es.iespuertodelacruz.procesadores.ArquitecturaControladorTest.setUp(ArquitecturaControladorTest.java:23)
Caused by: com.mysql.cj.exceptions.CJCommunicationsException: 
Communications link failure

The last packet sent successfully to the server was 0 milliseconds ago. The driver has not received any packets from the server.
	at es.iespuertodelacruz.procesadores.ArquitecturaControladorTest.setUp(ArquitecturaControladorTest.java:23)
Caused by: java.net.ConnectException: Conexión rehusada (Connection refused)
	at es.iespuertodelacruz.procesadores.ArquitecturaControladorTest.setUp(ArquitecturaControladorTest.java:23)

