-------------------------------------------------------------------------------
Test set: es.iespuertodelacruz.procesadores.api.FabricanteTest
-------------------------------------------------------------------------------
Tests run: 2, Failures: 1, Errors: 0, Skipped: 0, Time elapsed: 0 s <<< FAILURE! - in es.iespuertodelacruz.procesadores.api.FabricanteTest
toStringTest  Time elapsed: 0 s  <<< FAILURE!
org.opentest4j.AssertionFailedError: El texto recibido no era el esperado ==> expected: <1'2'Gigabyte> but was: <US4581401001'95052'Intel'Mission College Blvd'3186'Estados Unidos'877-284-1566'investor.relations@intel.com'https://www.intel.es>
	at es.iespuertodelacruz.procesadores.api.FabricanteTest.toStringTest(FabricanteTest.java:28)

